<?xml version="1.0" encoding="UTF-8"?>
<coverage generated="1579056416810" clover="3.2.0">
  <project timestamp="1579056416810" name="All files">
    <metrics statements="60" coveredstatements="48" conditionals="26" coveredconditionals="21" methods="15" coveredmethods="12" elements="101" coveredelements="81" complexity="0" loc="60" ncloc="60" packages="5" files="8" classes="8"/>
    <package name="src">
      <metrics statements="21" coveredstatements="21" conditionals="8" coveredconditionals="7" methods="6" coveredmethods="6"/>
      <file name="app.ts" path="/Users/efraim-andrade/Projects/Estudos/Rocketseat/semana_omnistack_10/backend/src/app.ts">
        <metrics statements="13" coveredstatements="13" conditionals="4" coveredconditionals="4" methods="5" coveredmethods="5"/>
        <line num="1" count="8" type="cond" truecount="4" falsecount="0"/>
        <line num="2" count="2" type="stmt"/>
        <line num="3" count="2" type="stmt"/>
        <line num="5" count="2" type="stmt"/>
        <line num="11" count="2" type="stmt"/>
        <line num="13" count="2" type="stmt"/>
        <line num="14" count="2" type="stmt"/>
        <line num="15" count="2" type="stmt"/>
        <line num="19" count="2" type="stmt"/>
        <line num="20" count="2" type="stmt"/>
        <line num="24" count="2" type="stmt"/>
        <line num="31" count="2" type="stmt"/>
        <line num="35" count="2" type="stmt"/>
      </file>
      <file name="routes.js" path="/Users/efraim-andrade/Projects/Estudos/Rocketseat/semana_omnistack_10/backend/src/routes.js">
        <metrics statements="8" coveredstatements="8" conditionals="4" coveredconditionals="3" methods="1" coveredmethods="1"/>
        <line num="1" count="4" type="cond" truecount="3" falsecount="1"/>
        <line num="3" count="2" type="stmt"/>
        <line num="4" count="2" type="stmt"/>
        <line num="6" count="2" type="stmt"/>
        <line num="8" count="2" type="stmt"/>
        <line num="9" count="2" type="stmt"/>
        <line num="11" count="2" type="stmt"/>
        <line num="13" count="2" type="stmt"/>
      </file>
    </package>
    <package name="src.controllers">
      <metrics statements="27" coveredstatements="16" conditionals="10" coveredconditionals="8" methods="5" coveredmethods="4"/>
      <file name="DevController.ts" path="/Users/efraim-andrade/Projects/Estudos/Rocketseat/semana_omnistack_10/backend/src/controllers/DevController.ts">
        <metrics statements="19" coveredstatements="12" conditionals="6" coveredconditionals="5" methods="3" coveredmethods="3"/>
        <line num="1" count="4" type="cond" truecount="4" falsecount="0"/>
        <line num="2" count="2" type="stmt"/>
        <line num="4" count="2" type="stmt"/>
        <line num="5" count="2" type="stmt"/>
        <line num="16" count="2" type="stmt"/>
        <line num="18" count="2" type="stmt"/>
        <line num="22" count="2" type="stmt"/>
        <line num="24" count="2" type="stmt"/>
        <line num="25" count="2" type="stmt"/>
        <line num="27" count="2" type="cond" truecount="1" falsecount="1"/>
        <line num="28" count="2" type="stmt"/>
        <line num="31" count="0" type="stmt"/>
        <line num="33" count="0" type="stmt"/>
        <line num="35" count="0" type="stmt"/>
        <line num="37" count="0" type="stmt"/>
        <line num="42" count="0" type="stmt"/>
        <line num="51" count="0" type="stmt"/>
        <line num="53" count="0" type="stmt"/>
        <line num="58" count="2" type="stmt"/>
      </file>
      <file name="SearchController.ts" path="/Users/efraim-andrade/Projects/Estudos/Rocketseat/semana_omnistack_10/backend/src/controllers/SearchController.ts">
        <metrics statements="8" coveredstatements="4" conditionals="4" coveredconditionals="3" methods="2" coveredmethods="1"/>
        <line num="1" count="2" type="cond" truecount="3" falsecount="1"/>
        <line num="3" count="2" type="stmt"/>
        <line num="4" count="2" type="stmt"/>
        <line num="14" count="0" type="stmt"/>
        <line num="16" count="0" type="stmt"/>
        <line num="18" count="0" type="stmt"/>
        <line num="33" count="0" type="stmt"/>
        <line num="37" count="2" type="stmt"/>
      </file>
    </package>
    <package name="src.functions">
      <metrics statements="5" coveredstatements="4" conditionals="4" coveredconditionals="3" methods="3" coveredmethods="1"/>
      <file name="index.ts" path="/Users/efraim-andrade/Projects/Estudos/Rocketseat/semana_omnistack_10/backend/src/functions/index.ts">
        <metrics statements="2" coveredstatements="2" conditionals="4" coveredconditionals="3" methods="1" coveredmethods="1"/>
        <line num="1" count="2" type="cond" truecount="3" falsecount="1"/>
        <line num="5" count="2" type="stmt"/>
      </file>
      <file name="parseStringAsArray.ts" path="/Users/efraim-andrade/Projects/Estudos/Rocketseat/semana_omnistack_10/backend/src/functions/parseStringAsArray.ts">
        <metrics statements="3" coveredstatements="2" conditionals="0" coveredconditionals="0" methods="2" coveredmethods="0"/>
        <line num="1" count="2" type="stmt"/>
        <line num="2" count="0" type="stmt"/>
        <line num="3" count="2" type="stmt"/>
      </file>
    </package>
    <package name="src.models">
      <metrics statements="4" coveredstatements="4" conditionals="4" coveredconditionals="3" methods="1" coveredmethods="1"/>
      <file name="Dev.ts" path="/Users/efraim-andrade/Projects/Estudos/Rocketseat/semana_omnistack_10/backend/src/models/Dev.ts">
        <metrics statements="4" coveredstatements="4" conditionals="4" coveredconditionals="3" methods="1" coveredmethods="1"/>
        <line num="1" count="2" type="cond" truecount="3" falsecount="1"/>
        <line num="3" count="2" type="stmt"/>
        <line num="14" count="2" type="stmt"/>
        <line num="28" count="2" type="stmt"/>
      </file>
    </package>
    <package name="src.models.utils">
      <metrics statements="3" coveredstatements="3" conditionals="0" coveredconditionals="0" methods="0" coveredmethods="0"/>
      <file name="PointSchema.ts" path="/Users/efraim-andrade/Projects/Estudos/Rocketseat/semana_omnistack_10/backend/src/models/utils/PointSchema.ts">
        <metrics statements="3" coveredstatements="3" conditionals="0" coveredconditionals="0" methods="0" coveredmethods="0"/>
        <line num="1" count="2" type="stmt"/>
        <line num="8" count="2" type="stmt"/>
        <line num="20" count="2" type="stmt"/>
      </file>
    </package>
  </project>
</coverage>
