{"/Users/efraim-andrade/Projects/Estudos/Rocketseat/semana_omnistack_10/backend/src/app.ts": {"path":"/Users/efraim-andrade/Projects/Estudos/Rocketseat/semana_omnistack_10/backend/src/app.ts","statementMap":{"0":{"start":{"line":1,"column":13},"end":{"line":1,"column":73}},"1":{"start":{"line":1,"column":113},"end":{"line":1,"column":167}},"2":{"start":{"line":1,"column":184},"end":{"line":1,"column":202}},"3":{"start":{"line":1,"column":220},"end":{"line":1,"column":252}},"4":{"start":{"line":2,"column":12},"end":{"line":2,"column":27}},"5":{"start":{"line":2,"column":42},"end":{"line":2,"column":71}},"6":{"start":{"line":3,"column":16},"end":{"line":3,"column":35}},"7":{"start":{"line":3,"column":54},"end":{"line":3,"column":87}},"8":{"start":{"line":5,"column":14},"end":{"line":5,"column":33}},"9":{"start":{"line":5,"column":50},"end":{"line":5,"column":81}},"10":{"start":{"line":11,"column":4},"end":{"line":11,"column":51}},"11":{"start":{"line":13,"column":4},"end":{"line":13,"column":22}},"12":{"start":{"line":14,"column":4},"end":{"line":14,"column":19}},"13":{"start":{"line":15,"column":4},"end":{"line":15,"column":17}},"14":{"start":{"line":19,"column":4},"end":{"line":19,"column":46}},"15":{"start":{"line":20,"column":4},"end":{"line":20,"column":51}},"16":{"start":{"line":24,"column":4},"end":{"line":27,"column":6}},"17":{"start":{"line":31,"column":4},"end":{"line":31,"column":38}},"18":{"start":{"line":35,"column":0},"end":{"line":35,"column":36}}},"fnMap":{"0":{"name":"_interopRequireDefault","decl":{"start":{"line":1,"column":83},"end":{"line":1,"column":105}},"loc":{"start":{"line":1,"column":111},"end":{"line":1,"column":169}},"line":1},"1":{"name":"(anonymous_1)","decl":{"start":{"line":10,"column":3},"end":{"line":10,"column":4}},"loc":{"start":{"line":10,"column":18},"end":{"line":16,"column":3}},"line":10},"2":{"name":"(anonymous_2)","decl":{"start":{"line":18,"column":3},"end":{"line":18,"column":4}},"loc":{"start":{"line":18,"column":18},"end":{"line":21,"column":3}},"line":18},"3":{"name":"(anonymous_3)","decl":{"start":{"line":23,"column":3},"end":{"line":23,"column":4}},"loc":{"start":{"line":23,"column":15},"end":{"line":28,"column":3}},"line":23},"4":{"name":"(anonymous_4)","decl":{"start":{"line":30,"column":3},"end":{"line":30,"column":4}},"loc":{"start":{"line":30,"column":13},"end":{"line":32,"column":3}},"line":30}},"branchMap":{"0":{"loc":{"start":{"line":1,"column":120},"end":{"line":1,"column":166}},"type":"cond-expr","locations":[{"start":{"line":1,"column":144},"end":{"line":1,"column":147}},{"start":{"line":1,"column":150},"end":{"line":1,"column":166}}],"line":1},"1":{"loc":{"start":{"line":1,"column":120},"end":{"line":1,"column":141}},"type":"binary-expr","locations":[{"start":{"line":1,"column":120},"end":{"line":1,"column":123}},{"start":{"line":1,"column":127},"end":{"line":1,"column":141}}],"line":1}},"s":{"0":2,"1":8,"2":2,"3":2,"4":2,"5":2,"6":2,"7":2,"8":2,"9":2,"10":2,"11":2,"12":2,"13":2,"14":2,"15":2,"16":2,"17":2,"18":2},"f":{"0":8,"1":2,"2":2,"3":2,"4":2},"b":{"0":[2,6],"1":[8,8]},"_coverageSchema":"43e27e138ebf9cfc5966b082cf9a028302ed4184","hash":"ddbd3a4ffcc18b989bd698778170e245a57da666"}
,"/Users/efraim-andrade/Projects/Estudos/Rocketseat/semana_omnistack_10/backend/src/routes.js": {"path":"/Users/efraim-andrade/Projects/Estudos/Rocketseat/semana_omnistack_10/backend/src/routes.js","statementMap":{"0":{"start":{"line":1,"column":13},"end":{"line":1,"column":73}},"1":{"start":{"line":1,"column":113},"end":{"line":1,"column":167}},"2":{"start":{"line":1,"column":184},"end":{"line":1,"column":202}},"3":{"start":{"line":3,"column":21},"end":{"line":3,"column":59}},"4":{"start":{"line":3,"column":83},"end":{"line":3,"column":121}},"5":{"start":{"line":4,"column":24},"end":{"line":4,"column":65}},"6":{"start":{"line":4,"column":92},"end":{"line":4,"column":133}},"7":{"start":{"line":6,"column":15},"end":{"line":6,"column":45}},"8":{"start":{"line":8,"column":0},"end":{"line":8,"column":50}},"9":{"start":{"line":9,"column":0},"end":{"line":9,"column":52}},"10":{"start":{"line":11,"column":0},"end":{"line":11,"column":55}},"11":{"start":{"line":13,"column":0},"end":{"line":13,"column":25}}},"fnMap":{"0":{"name":"_interopRequireDefault","decl":{"start":{"line":1,"column":83},"end":{"line":1,"column":105}},"loc":{"start":{"line":1,"column":111},"end":{"line":1,"column":169}},"line":1}},"branchMap":{"0":{"loc":{"start":{"line":1,"column":120},"end":{"line":1,"column":166}},"type":"cond-expr","locations":[{"start":{"line":1,"column":144},"end":{"line":1,"column":147}},{"start":{"line":1,"column":150},"end":{"line":1,"column":166}}],"line":1},"1":{"loc":{"start":{"line":1,"column":120},"end":{"line":1,"column":141}},"type":"binary-expr","locations":[{"start":{"line":1,"column":120},"end":{"line":1,"column":123}},{"start":{"line":1,"column":127},"end":{"line":1,"column":141}}],"line":1}},"s":{"0":2,"1":4,"2":2,"3":2,"4":2,"5":2,"6":2,"7":2,"8":2,"9":2,"10":2,"11":2},"f":{"0":4},"b":{"0":[4,0],"1":[4,4]},"_coverageSchema":"43e27e138ebf9cfc5966b082cf9a028302ed4184","hash":"2818df8098c0b0fe8771df51b9b2b0c8826c2cdf"}
,"/Users/efraim-andrade/Projects/Estudos/Rocketseat/semana_omnistack_10/backend/src/controllers/DevController.ts": {"path":"/Users/efraim-andrade/Projects/Estudos/Rocketseat/semana_omnistack_10/backend/src/controllers/DevController.ts","statementMap":{"0":{"start":{"line":1,"column":13},"end":{"line":1,"column":73}},"1":{"start":{"line":1,"column":113},"end":{"line":1,"column":167}},"2":{"start":{"line":2,"column":13},"end":{"line":2,"column":29}},"3":{"start":{"line":2,"column":45},"end":{"line":2,"column":75}},"4":{"start":{"line":4,"column":11},"end":{"line":4,"column":35}},"5":{"start":{"line":4,"column":49},"end":{"line":4,"column":77}},"6":{"start":{"line":5,"column":17},"end":{"line":5,"column":40}},"7":{"start":{"line":16,"column":17},"end":{"line":16,"column":43}},"8":{"start":{"line":18,"column":4},"end":{"line":18,"column":25}},"9":{"start":{"line":22,"column":60},"end":{"line":22,"column":68}},"10":{"start":{"line":24,"column":4},"end":{"line":54,"column":5}},"11":{"start":{"line":25,"column":16},"end":{"line":25,"column":64}},"12":{"start":{"line":27,"column":6},"end":{"line":29,"column":7}},"13":{"start":{"line":28,"column":8},"end":{"line":28,"column":71}},"14":{"start":{"line":31,"column":23},"end":{"line":31,"column":99}},"15":{"start":{"line":33,"column":40},"end":{"line":33,"column":53}},"16":{"start":{"line":35,"column":25},"end":{"line":35,"column":74}},"17":{"start":{"line":37,"column":23},"end":{"line":40,"column":7}},"18":{"start":{"line":42,"column":6},"end":{"line":49,"column":8}},"19":{"start":{"line":51,"column":6},"end":{"line":51,"column":26}},"20":{"start":{"line":53,"column":6},"end":{"line":53,"column":83}},"21":{"start":{"line":58,"column":0},"end":{"line":58,"column":38}}},"fnMap":{"0":{"name":"_interopRequireDefault","decl":{"start":{"line":1,"column":83},"end":{"line":1,"column":105}},"loc":{"start":{"line":1,"column":111},"end":{"line":1,"column":169}},"line":1},"1":{"name":"(anonymous_1)","decl":{"start":{"line":15,"column":3},"end":{"line":15,"column":4}},"loc":{"start":{"line":15,"column":26},"end":{"line":19,"column":3}},"line":15},"2":{"name":"(anonymous_2)","decl":{"start":{"line":21,"column":3},"end":{"line":21,"column":4}},"loc":{"start":{"line":21,"column":27},"end":{"line":55,"column":3}},"line":21}},"branchMap":{"0":{"loc":{"start":{"line":1,"column":120},"end":{"line":1,"column":166}},"type":"cond-expr","locations":[{"start":{"line":1,"column":144},"end":{"line":1,"column":147}},{"start":{"line":1,"column":150},"end":{"line":1,"column":166}}],"line":1},"1":{"loc":{"start":{"line":1,"column":120},"end":{"line":1,"column":141}},"type":"binary-expr","locations":[{"start":{"line":1,"column":120},"end":{"line":1,"column":123}},{"start":{"line":1,"column":127},"end":{"line":1,"column":141}}],"line":1},"2":{"loc":{"start":{"line":27,"column":6},"end":{"line":29,"column":7}},"type":"if","locations":[{"start":{"line":27,"column":6},"end":{"line":29,"column":7}},{"start":{"line":27,"column":6},"end":{"line":29,"column":7}}],"line":27}},"s":{"0":2,"1":4,"2":2,"3":2,"4":2,"5":2,"6":2,"7":2,"8":2,"9":2,"10":2,"11":2,"12":2,"13":2,"14":0,"15":0,"16":0,"17":0,"18":0,"19":0,"20":0,"21":2},"f":{"0":4,"1":2,"2":2},"b":{"0":[2,2],"1":[4,4],"2":[2,0]},"_coverageSchema":"43e27e138ebf9cfc5966b082cf9a028302ed4184","hash":"b0298fe54c9f69dfc6860bcfe4fd32c126fcb0a4"}
,"/Users/efraim-andrade/Projects/Estudos/Rocketseat/semana_omnistack_10/backend/src/controllers/SearchController.ts": {"path":"/Users/efraim-andrade/Projects/Estudos/Rocketseat/semana_omnistack_10/backend/src/controllers/SearchController.ts","statementMap":{"0":{"start":{"line":1,"column":13},"end":{"line":1,"column":73}},"1":{"start":{"line":1,"column":113},"end":{"line":1,"column":167}},"2":{"start":{"line":3,"column":11},"end":{"line":3,"column":35}},"3":{"start":{"line":3,"column":49},"end":{"line":3,"column":77}},"4":{"start":{"line":4,"column":17},"end":{"line":4,"column":40}},"5":{"start":{"line":14,"column":43},"end":{"line":14,"column":52}},"6":{"start":{"line":16,"column":23},"end":{"line":16,"column":72}},"7":{"start":{"line":18,"column":17},"end":{"line":31,"column":6}},"8":{"start":{"line":33,"column":4},"end":{"line":33,"column":25}},"9":{"start":{"line":37,"column":0},"end":{"line":37,"column":41}}},"fnMap":{"0":{"name":"_interopRequireDefault","decl":{"start":{"line":1,"column":83},"end":{"line":1,"column":105}},"loc":{"start":{"line":1,"column":111},"end":{"line":1,"column":169}},"line":1},"1":{"name":"(anonymous_1)","decl":{"start":{"line":13,"column":3},"end":{"line":13,"column":4}},"loc":{"start":{"line":13,"column":26},"end":{"line":34,"column":3}},"line":13}},"branchMap":{"0":{"loc":{"start":{"line":1,"column":120},"end":{"line":1,"column":166}},"type":"cond-expr","locations":[{"start":{"line":1,"column":144},"end":{"line":1,"column":147}},{"start":{"line":1,"column":150},"end":{"line":1,"column":166}}],"line":1},"1":{"loc":{"start":{"line":1,"column":120},"end":{"line":1,"column":141}},"type":"binary-expr","locations":[{"start":{"line":1,"column":120},"end":{"line":1,"column":123}},{"start":{"line":1,"column":127},"end":{"line":1,"column":141}}],"line":1}},"s":{"0":2,"1":2,"2":2,"3":2,"4":2,"5":0,"6":0,"7":0,"8":0,"9":2},"f":{"0":2,"1":0},"b":{"0":[2,0],"1":[2,2]},"_coverageSchema":"43e27e138ebf9cfc5966b082cf9a028302ed4184","hash":"f688eb5de272b55ca829d19fb6cb420d1756d62c"}
,"/Users/efraim-andrade/Projects/Estudos/Rocketseat/semana_omnistack_10/backend/src/functions/index.ts": {"path":"/Users/efraim-andrade/Projects/Estudos/Rocketseat/semana_omnistack_10/backend/src/functions/index.ts","statementMap":{"0":{"start":{"line":1,"column":13},"end":{"line":1,"column":73}},"1":{"start":{"line":1,"column":113},"end":{"line":1,"column":167}},"2":{"start":{"line":1,"column":195},"end":{"line":1,"column":226}},"3":{"start":{"line":1,"column":255},"end":{"line":1,"column":298}},"4":{"start":{"line":5,"column":0},"end":{"line":5,"column":58}}},"fnMap":{"0":{"name":"_interopRequireDefault","decl":{"start":{"line":1,"column":83},"end":{"line":1,"column":105}},"loc":{"start":{"line":1,"column":111},"end":{"line":1,"column":169}},"line":1}},"branchMap":{"0":{"loc":{"start":{"line":1,"column":120},"end":{"line":1,"column":166}},"type":"cond-expr","locations":[{"start":{"line":1,"column":144},"end":{"line":1,"column":147}},{"start":{"line":1,"column":150},"end":{"line":1,"column":166}}],"line":1},"1":{"loc":{"start":{"line":1,"column":120},"end":{"line":1,"column":141}},"type":"binary-expr","locations":[{"start":{"line":1,"column":120},"end":{"line":1,"column":123}},{"start":{"line":1,"column":127},"end":{"line":1,"column":141}}],"line":1}},"s":{"0":2,"1":2,"2":2,"3":2,"4":2},"f":{"0":2},"b":{"0":[2,0],"1":[2,2]},"_coverageSchema":"43e27e138ebf9cfc5966b082cf9a028302ed4184","hash":"c434173e56c0b7ae2b6f13b5a5607c6ab012c6aa"}
,"/Users/efraim-andrade/Projects/Estudos/Rocketseat/semana_omnistack_10/backend/src/functions/parseStringAsArray.ts": {"path":"/Users/efraim-andrade/Projects/Estudos/Rocketseat/semana_omnistack_10/backend/src/functions/parseStringAsArray.ts","statementMap":{"0":{"start":{"line":1,"column":13},"end":{"line":1,"column":73}},"1":{"start":{"line":2,"column":2},"end":{"line":2,"column":60}},"2":{"start":{"line":2,"column":48},"end":{"line":2,"column":59}},"3":{"start":{"line":3,"column":2},"end":{"line":3,"column":39}}},"fnMap":{"0":{"name":"parseStringAsArray","decl":{"start":{"line":1,"column":83},"end":{"line":1,"column":101}},"loc":{"start":{"line":1,"column":118},"end":{"line":3,"column":1}},"line":1},"1":{"name":"(anonymous_1)","decl":{"start":{"line":2,"column":38},"end":{"line":2,"column":39}},"loc":{"start":{"line":2,"column":48},"end":{"line":2,"column":59}},"line":2}},"branchMap":{},"s":{"0":2,"1":0,"2":0,"3":2},"f":{"0":0,"1":0},"b":{},"_coverageSchema":"43e27e138ebf9cfc5966b082cf9a028302ed4184","hash":"3554aa6586680215ae0cdd23b29ff00376ec7160"}
,"/Users/efraim-andrade/Projects/Estudos/Rocketseat/semana_omnistack_10/backend/src/models/Dev.ts": {"path":"/Users/efraim-andrade/Projects/Estudos/Rocketseat/semana_omnistack_10/backend/src/models/Dev.ts","statementMap":{"0":{"start":{"line":1,"column":13},"end":{"line":1,"column":73}},"1":{"start":{"line":1,"column":113},"end":{"line":1,"column":167}},"2":{"start":{"line":1,"column":185},"end":{"line":1,"column":204}},"3":{"start":{"line":3,"column":19},"end":{"line":3,"column":49}},"4":{"start":{"line":3,"column":71},"end":{"line":3,"column":107}},"5":{"start":{"line":14,"column":18},"end":{"line":26,"column":2}},"6":{"start":{"line":28,"column":0},"end":{"line":28,"column":52}}},"fnMap":{"0":{"name":"_interopRequireDefault","decl":{"start":{"line":1,"column":83},"end":{"line":1,"column":105}},"loc":{"start":{"line":1,"column":111},"end":{"line":1,"column":169}},"line":1}},"branchMap":{"0":{"loc":{"start":{"line":1,"column":120},"end":{"line":1,"column":166}},"type":"cond-expr","locations":[{"start":{"line":1,"column":144},"end":{"line":1,"column":147}},{"start":{"line":1,"column":150},"end":{"line":1,"column":166}}],"line":1},"1":{"loc":{"start":{"line":1,"column":120},"end":{"line":1,"column":141}},"type":"binary-expr","locations":[{"start":{"line":1,"column":120},"end":{"line":1,"column":123}},{"start":{"line":1,"column":127},"end":{"line":1,"column":141}}],"line":1}},"s":{"0":2,"1":2,"2":2,"3":2,"4":2,"5":2,"6":2},"f":{"0":2},"b":{"0":[2,0],"1":[2,2]},"_coverageSchema":"43e27e138ebf9cfc5966b082cf9a028302ed4184","hash":"8e72a8c038f0d2c4d73c61d1816e5f0456928649"}
,"/Users/efraim-andrade/Projects/Estudos/Rocketseat/semana_omnistack_10/backend/src/models/utils/PointSchema.ts": {"path":"/Users/efraim-andrade/Projects/Estudos/Rocketseat/semana_omnistack_10/backend/src/models/utils/PointSchema.ts","statementMap":{"0":{"start":{"line":1,"column":13},"end":{"line":1,"column":73}},"1":{"start":{"line":1,"column":89},"end":{"line":1,"column":108}},"2":{"start":{"line":8,"column":20},"end":{"line":18,"column":2}},"3":{"start":{"line":20,"column":0},"end":{"line":20,"column":30}}},"fnMap":{},"branchMap":{},"s":{"0":2,"1":2,"2":2,"3":2},"f":{},"b":{},"_coverageSchema":"43e27e138ebf9cfc5966b082cf9a028302ed4184","hash":"274690e3c99b895a8eec254d20a230a31fdac346"}
}
