TN:
SF:/Users/efraim-andrade/Projects/Estudos/Rocketseat/semana_omnistack_10/backend/src/app.ts
FN:1,_interopRequireDefault
FN:10,(anonymous_1)
FN:18,(anonymous_2)
FN:23,(anonymous_3)
FN:30,(anonymous_4)
FNF:5
FNH:5
FNDA:8,_interopRequireDefault
FNDA:2,(anonymous_1)
FNDA:2,(anonymous_2)
FNDA:2,(anonymous_3)
FNDA:2,(anonymous_4)
DA:1,8
DA:2,2
DA:3,2
DA:5,2
DA:11,2
DA:13,2
DA:14,2
DA:15,2
DA:19,2
DA:20,2
DA:24,2
DA:31,2
DA:35,2
LF:13
LH:13
BRDA:1,0,0,2
BRDA:1,0,1,6
BRDA:1,1,0,8
BRDA:1,1,1,8
BRF:4
BRH:4
end_of_record
TN:
SF:/Users/efraim-andrade/Projects/Estudos/Rocketseat/semana_omnistack_10/backend/src/routes.js
FN:1,_interopRequireDefault
FNF:1
FNH:1
FNDA:4,_interopRequireDefault
DA:1,4
DA:3,2
DA:4,2
DA:6,2
DA:8,2
DA:9,2
DA:11,2
DA:13,2
LF:8
LH:8
BRDA:1,0,0,4
BRDA:1,0,1,0
BRDA:1,1,0,4
BRDA:1,1,1,4
BRF:4
BRH:3
end_of_record
TN:
SF:/Users/efraim-andrade/Projects/Estudos/Rocketseat/semana_omnistack_10/backend/src/controllers/DevController.ts
FN:1,_interopRequireDefault
FN:15,(anonymous_1)
FN:21,(anonymous_2)
FNF:3
FNH:3
FNDA:4,_interopRequireDefault
FNDA:2,(anonymous_1)
FNDA:2,(anonymous_2)
DA:1,4
DA:2,2
DA:4,2
DA:5,2
DA:16,2
DA:18,2
DA:22,2
DA:24,2
DA:25,2
DA:27,2
DA:28,2
DA:31,0
DA:33,0
DA:35,0
DA:37,0
DA:42,0
DA:51,0
DA:53,0
DA:58,2
LF:19
LH:12
BRDA:1,0,0,2
BRDA:1,0,1,2
BRDA:1,1,0,4
BRDA:1,1,1,4
BRDA:27,2,0,2
BRDA:27,2,1,0
BRF:6
BRH:5
end_of_record
TN:
SF:/Users/efraim-andrade/Projects/Estudos/Rocketseat/semana_omnistack_10/backend/src/controllers/SearchController.ts
FN:1,_interopRequireDefault
FN:13,(anonymous_1)
FNF:2
FNH:1
FNDA:2,_interopRequireDefault
FNDA:0,(anonymous_1)
DA:1,2
DA:3,2
DA:4,2
DA:14,0
DA:16,0
DA:18,0
DA:33,0
DA:37,2
LF:8
LH:4
BRDA:1,0,0,2
BRDA:1,0,1,0
BRDA:1,1,0,2
BRDA:1,1,1,2
BRF:4
BRH:3
end_of_record
TN:
SF:/Users/efraim-andrade/Projects/Estudos/Rocketseat/semana_omnistack_10/backend/src/functions/index.ts
FN:1,_interopRequireDefault
FNF:1
FNH:1
FNDA:2,_interopRequireDefault
DA:1,2
DA:5,2
LF:2
LH:2
BRDA:1,0,0,2
BRDA:1,0,1,0
BRDA:1,1,0,2
BRDA:1,1,1,2
BRF:4
BRH:3
end_of_record
TN:
SF:/Users/efraim-andrade/Projects/Estudos/Rocketseat/semana_omnistack_10/backend/src/functions/parseStringAsArray.ts
FN:1,parseStringAsArray
FN:2,(anonymous_1)
FNF:2
FNH:0
FNDA:0,parseStringAsArray
FNDA:0,(anonymous_1)
DA:1,2
DA:2,0
DA:3,2
LF:3
LH:2
BRF:0
BRH:0
end_of_record
TN:
SF:/Users/efraim-andrade/Projects/Estudos/Rocketseat/semana_omnistack_10/backend/src/models/Dev.ts
FN:1,_interopRequireDefault
FNF:1
FNH:1
FNDA:2,_interopRequireDefault
DA:1,2
DA:3,2
DA:14,2
DA:28,2
LF:4
LH:4
BRDA:1,0,0,2
BRDA:1,0,1,0
BRDA:1,1,0,2
BRDA:1,1,1,2
BRF:4
BRH:3
end_of_record
TN:
SF:/Users/efraim-andrade/Projects/Estudos/Rocketseat/semana_omnistack_10/backend/src/models/utils/PointSchema.ts
FNF:0
FNH:0
DA:1,2
DA:8,2
DA:20,2
LF:3
LH:3
BRF:0
BRH:0
end_of_record
